[26-Jul-2018 14:31:21 UTC] PHP Parse error:  syntax error, unexpected 've' (T_STRING) in /var/www/html/wealthtree/application/config/config.php on line 34
[26-Jul-2018 14:31:21 UTC] PHP Fatal error:  Exception thrown without a stack frame in Unknown on line 0
[10-Sep-2018 13:34:37 UTC] PHP Deprecated:  Methods with the same name as their class will not be constructors in a future version of PHP; m_pdf has a deprecated constructor in /var/www/html/wealthtree/application/libraries/M_pdf.php on line 2
[10-Sep-2018 13:37:17 UTC] PHP Fatal error:  Switch statements may only contain one default clause in /var/www/html/wealthtree/application/third_party/mpdf/mpdf.php on line 1422
[10-Sep-2018 13:45:59 UTC] PHP Deprecated:  Methods with the same name as their class will not be constructors in a future version of PHP; mPDF has a deprecated constructor in /var/www/html/wealthtree/application/third_party/mpdf/mpdf.php on line 66
[10-Sep-2018 14:45:59 Europe/London] PHP Deprecated:  Methods with the same name as their class will not be constructors in a future version of PHP; grad has a deprecated constructor in /var/www/html/wealthtree/application/third_party/mpdf/classes/grad.php on line 3
[10-Sep-2018 14:45:59 Europe/London] PHP Deprecated:  Methods with the same name as their class will not be constructors in a future version of PHP; form has a deprecated constructor in /var/www/html/wealthtree/application/third_party/mpdf/classes/form.php on line 3
[10-Sep-2018 14:11:50 UTC] PHP Fatal error:  Switch statements may only contain one default clause in /var/www/html/wealthtree/application/third_party/mpdf/mpdf.php on line 1422
[10-Sep-2018 14:13:05 UTC] PHP Deprecated:  Methods with the same name as their class will not be constructors in a future version of PHP; mPDF has a deprecated constructor in /var/www/html/wealthtree/application/third_party/mpdf/mpdf.php on line 66
[10-Sep-2018 15:13:05 Europe/London] PHP Deprecated:  Methods with the same name as their class will not be constructors in a future version of PHP; cssmgr has a deprecated constructor in /var/www/html/wealthtree/application/third_party/mpdf/classes/cssmgr.php on line 3
[10-Sep-2018 14:20:50 UTC] PHP Fatal error:  Switch statements may only contain one default clause in /var/www/html/wealthtree/application/third_party/mpdf/mpdf.php on line 1422
[10-Sep-2018 14:25:03 UTC] PHP Deprecated:  Methods with the same name as their class will not be constructors in a future version of PHP; mPDF has a deprecated constructor in /var/www/html/wealthtree/application/third_party/mpdf/mpdf.php on line 66
[10-Sep-2018 14:27:14 UTC] PHP Deprecated:  Methods with the same name as their class will not be constructors in a future version of PHP; m_pdf has a deprecated constructor in /var/www/html/wealthtree/application/libraries/M_pdf.php on line 2
[10-Sep-2018 14:27:14 UTC] PHP Deprecated:  Methods with the same name as their class will not be constructors in a future version of PHP; mPDF has a deprecated constructor in /var/www/html/wealthtree/application/third_party/mpdf/mpdf.php on line 66
[10-Sep-2018 15:27:14 Europe/London] PHP Deprecated:  Methods with the same name as their class will not be constructors in a future version of PHP; grad has a deprecated constructor in /var/www/html/wealthtree/application/third_party/mpdf/classes/grad.php on line 3
[10-Sep-2018 15:27:14 Europe/London] PHP Deprecated:  Methods with the same name as their class will not be constructors in a future version of PHP; form has a deprecated constructor in /var/www/html/wealthtree/application/third_party/mpdf/classes/form.php on line 3
[10-Sep-2018 14:29:36 UTC] PHP Fatal error:  Switch statements may only contain one default clause in /var/www/html/wealthtree/application/third_party/mpdf/mpdf.php on line 1422
[10-Sep-2018 14:30:14 UTC] PHP Deprecated:  Methods with the same name as their class will not be constructors in a future version of PHP; mPDF has a deprecated constructor in /var/www/html/wealthtree/application/third_party/mpdf/mpdf.php on line 66
[10-Sep-2018 14:36:10 UTC] PHP Fatal error:  Switch statements may only contain one default clause in /var/www/html/wealthtree/application/third_party/mpdf/mpdf.php on line 1422
[10-Sep-2018 14:46:32 UTC] PHP Deprecated:  Methods with the same name as their class will not be constructors in a future version of PHP; mPDF has a deprecated constructor in /var/www/html/wealthtree/application/third_party/mpdf/mpdf.php on line 66
[11-Sep-2018 07:22:29 UTC] PHP Deprecated:  Methods with the same name as their class will not be constructors in a future version of PHP; m_pdf has a deprecated constructor in /var/www/html/wealthtree/application/libraries/M_pdf.php on line 2
[12-Sep-2018 12:17:22 UTC] PHP Deprecated:  Methods with the same name as their class will not be constructors in a future version of PHP; m_pdf has a deprecated constructor in /var/www/html/wealthtree/application/libraries/M_pdf.php on line 2
[16-Sep-2018 10:52:10 UTC] PHP Deprecated:  Methods with the same name as their class will not be constructors in a future version of PHP; m_pdf has a deprecated constructor in /var/www/html/wealthtree/application/libraries/M_pdf.php on line 2
[17-Sep-2018 10:40:00 UTC] PHP Deprecated:  Methods with the same name as their class will not be constructors in a future version of PHP; m_pdf has a deprecated constructor in /var/www/html/wealthtree/application/libraries/M_pdf.php on line 2
[18-Sep-2018 16:11:02 UTC] PHP Deprecated:  Methods with the same name as their class will not be constructors in a future version of PHP; m_pdf has a deprecated constructor in /var/www/html/wealthtree/application/libraries/M_pdf.php on line 2
[19-Sep-2018 07:29:11 UTC] PHP Deprecated:  Methods with the same name as their class will not be constructors in a future version of PHP; m_pdf has a deprecated constructor in /var/www/html/wealthtree/application/libraries/M_pdf.php on line 2
[24-Sep-2018 12:44:41 UTC] PHP Deprecated:  Methods with the same name as their class will not be constructors in a future version of PHP; m_pdf has a deprecated constructor in /var/www/html/wealthtree/application/libraries/M_pdf.php on line 2
[26-Sep-2018 06:53:24 UTC] PHP Deprecated:  Methods with the same name as their class will not be constructors in a future version of PHP; m_pdf has a deprecated constructor in /var/www/html/wealthtree/application/libraries/M_pdf.php on line 2
[28-Sep-2018 05:27:43 UTC] PHP Deprecated:  Methods with the same name as their class will not be constructors in a future version of PHP; m_pdf has a deprecated constructor in /var/www/html/wealthtree/application/libraries/M_pdf.php on line 2
[28-Sep-2018 10:07:20 UTC] PHP Deprecated:  Methods with the same name as their class will not be constructors in a future version of PHP; m_pdf has a deprecated constructor in /var/www/html/wealthtree/application/libraries/M_pdf.php on line 2
[03-Oct-2018 13:35:54 UTC] PHP Deprecated:  Methods with the same name as their class will not be constructors in a future version of PHP; m_pdf has a deprecated constructor in /var/www/html/wealthtree/application/libraries/M_pdf.php on line 2
[04-Oct-2018 06:29:22 UTC] PHP Deprecated:  Methods with the same name as their class will not be constructors in a future version of PHP; m_pdf has a deprecated constructor in /var/www/html/wealthtree/application/libraries/M_pdf.php on line 2
[05-Oct-2018 09:30:35 UTC] PHP Deprecated:  Methods with the same name as their class will not be constructors in a future version of PHP; m_pdf has a deprecated constructor in /var/www/html/wealthtree/application/libraries/M_pdf.php on line 2
[08-Oct-2018 08:07:00 UTC] PHP Deprecated:  Methods with the same name as their class will not be constructors in a future version of PHP; m_pdf has a deprecated constructor in /var/www/html/wealthtree/application/libraries/M_pdf.php on line 2
[10-Oct-2018 07:50:15 UTC] PHP Deprecated:  Methods with the same name as their class will not be constructors in a future version of PHP; m_pdf has a deprecated constructor in /var/www/html/wealthtree/application/libraries/M_pdf.php on line 2
[11-Oct-2018 07:36:27 UTC] PHP Deprecated:  Methods with the same name as their class will not be constructors in a future version of PHP; m_pdf has a deprecated constructor in /var/www/html/wealthtree/application/libraries/M_pdf.php on line 2
[13-Oct-2018 17:11:13 UTC] PHP Deprecated:  Methods with the same name as their class will not be constructors in a future version of PHP; m_pdf has a deprecated constructor in /var/www/html/wealthtree/application/libraries/M_pdf.php on line 2
[17-Oct-2018 05:51:06 UTC] PHP Deprecated:  Methods with the same name as their class will not be constructors in a future version of PHP; m_pdf has a deprecated constructor in /var/www/html/wealthtree/application/libraries/M_pdf.php on line 2
[17-Oct-2018 07:09:25 UTC] PHP Deprecated:  Methods with the same name as their class will not be constructors in a future version of PHP; m_pdf has a deprecated constructor in /var/www/html/wealthtree/application/libraries/M_pdf.php on line 2
[23-Oct-2018 13:16:17 UTC] PHP Deprecated:  Methods with the same name as their class will not be constructors in a future version of PHP; m_pdf has a deprecated constructor in /var/www/html/wealthtree/application/libraries/M_pdf.php on line 2
[24-Oct-2018 11:57:39 UTC] PHP Deprecated:  Methods with the same name as their class will not be constructors in a future version of PHP; m_pdf has a deprecated constructor in /var/www/html/wealthtree/application/libraries/M_pdf.php on line 2
[25-Oct-2018 10:39:11 UTC] PHP Deprecated:  Methods with the same name as their class will not be constructors in a future version of PHP; m_pdf has a deprecated constructor in /var/www/html/wealthtree/application/libraries/M_pdf.php on line 2
[26-Oct-2018 07:13:31 UTC] PHP Deprecated:  Methods with the same name as their class will not be constructors in a future version of PHP; m_pdf has a deprecated constructor in /var/www/html/wealthtree/application/libraries/M_pdf.php on line 2
[29-Oct-2018 11:31:32 UTC] PHP Deprecated:  Methods with the same name as their class will not be constructors in a future version of PHP; m_pdf has a deprecated constructor in /var/www/html/wealthtree/application/libraries/M_pdf.php on line 2
[30-Oct-2018 06:46:54 UTC] PHP Deprecated:  Methods with the same name as their class will not be constructors in a future version of PHP; m_pdf has a deprecated constructor in /var/www/html/wealthtree/application/libraries/M_pdf.php on line 2
